<?xml version="1.0" encoding="UTF-8"?>
<!-- Generated by org.testng.reporters.JUnitReportReporter -->
<testsuite skipped="0" hostname="DELL" name="com.learnMavenDemo.DemoTest" tests="1" failures="0" timestamp="22 Sep 2017 18:11:45 GMT" time="0.053" errors="0">
  <testcase name="testGit" time="0.053" classname="com.learnMavenDemo.DemoTest"/>
</testsuite> <!-- com.learnMavenDemo.DemoTest -->
